SF:lib\app\core\errors\failures.dart
DA:6,3
DA:12,3
DA:18,2
DA:24,2
DA:30,2
DA:38,1
DA:44,1
DA:46,4
LF:8
LH:8
end_of_record
SF:lib\app\modules\home\models\categoria_itens_model.dart
DA:7,5
DA:12,2
DA:13,2
DA:14,2
DA:15,2
DA:19,4
DA:20,4
DA:21,8
DA:22,7
DA:26,3
DA:28,1
DA:29,2
LF:12
LH:12
end_of_record
SF:lib\app\modules\home\models\desconto_model.dart
DA:6,6
DA:10,3
DA:11,3
DA:12,3
DA:16,5
DA:17,5
DA:18,10
DA:22,3
DA:24,3
LF:9
LH:9
end_of_record
SF:lib\app\modules\home\models\get_all_motels_data_model.dart
DA:13,4
DA:23,2
DA:24,2
DA:25,2
DA:26,2
DA:27,2
DA:28,2
DA:29,2
DA:30,2
DA:31,6
DA:35,4
DA:36,4
DA:37,7
DA:38,7
DA:39,7
DA:40,7
DA:41,4
DA:42,6
DA:43,6
DA:44,1
DA:46,7
DA:47,4
DA:48,3
DA:49,10
DA:55,3
DA:57,1
DA:58,2
LF:27
LH:27
end_of_record
SF:lib\app\modules\home\models\get_all_motels_model.dart
DA:10,3
DA:16,1
DA:17,1
DA:18,1
DA:19,2
DA:20,1
DA:24,3
DA:25,3
DA:26,6
DA:27,9
DA:28,9
DA:32,3
DA:34,4
DA:35,7
LF:14
LH:14
end_of_record
SF:lib\app\modules\home\models\home_model.dart
DA:9,3
LF:1
LH:1
end_of_record
SF:lib\app\modules\home\models\itens_model.dart
DA:6,4
DA:10,2
DA:11,2
DA:12,2
DA:16,4
DA:17,4
DA:18,8
DA:22,3
DA:24,3
LF:9
LH:9
end_of_record
SF:lib\app\modules\home\models\motel_model.dart
DA:14,7
DA:25,2
DA:26,2
DA:27,2
DA:28,2
DA:29,2
DA:30,2
DA:31,2
DA:32,6
DA:33,2
DA:34,2
DA:38,3
DA:39,3
DA:40,6
DA:41,6
DA:42,6
DA:43,6
DA:44,6
DA:45,3
DA:46,3
DA:47,6
DA:48,6
DA:52,6
DA:53,6
DA:57,3
DA:59,3
LF:26
LH:26
end_of_record
SF:lib\app\modules\home\models\periodos_model.dart
DA:12,6
DA:21,2
DA:22,2
DA:23,2
DA:24,2
DA:25,2
DA:26,2
DA:27,2
DA:28,4
DA:32,4
DA:33,4
DA:34,8
DA:35,8
DA:36,8
DA:37,8
DA:38,8
DA:39,12
DA:43,3
DA:45,3
LF:19
LH:19
end_of_record
SF:lib\app\modules\home\models\suites_model.dart
DA:13,6
DA:23,2
DA:24,2
DA:25,2
DA:26,2
DA:27,2
DA:28,2
DA:29,6
DA:30,6
DA:31,6
DA:35,3
DA:37,3
DA:39,4
DA:40,4
DA:41,8
DA:42,7
DA:43,7
DA:44,10
DA:45,4
DA:46,3
DA:47,6
DA:48,6
DA:52,4
DA:53,3
DA:54,6
DA:55,6
DA:59,4
DA:60,3
DA:61,6
DA:62,6
LF:30
LH:30
end_of_record
SF:lib\app\modules\home\service\home_service.dart
DA:6,3
DA:7,6
DA:8,9
DA:10,9
DA:12,6
LF:5
LH:5
end_of_record
SF:lib\app\core\helpers\string_extensions.dart
DA:4,16
DA:6,3
DA:7,3
DA:9,9
LF:4
LH:4
end_of_record
SF:lib\app\core\tests\ignore_overflow_errors.dart
DA:3,1
DA:8,1
DA:10,1
DA:11,2
DA:12,4
DA:17,2
DA:19,0
LF:7
LH:6
end_of_record
SF:lib\app\modules\home\controller\home_viewmodel.dart
DA:14,3
DA:15,3
DA:16,3
DA:17,6
DA:19,3
DA:20,3
DA:21,3
DA:22,2
DA:23,4
DA:24,2
DA:27,2
DA:28,2
DA:30,4
DA:32,2
DA:33,1
DA:34,2
DA:35,3
DA:37,1
DA:38,2
DA:42,2
LF:20
LH:20
end_of_record
SF:lib\app\modules\home\home_module.dart
DA:5,2
DA:6,2
DA:7,4
DA:10,2
DA:11,2
DA:12,2
LF:6
LH:6
end_of_record
SF:lib\app\modules\home\presenter\view\home_view.dart
DA:7,11
DA:9,1
DA:10,1
DA:16,1
DA:18,1
DA:20,1
DA:21,1
DA:24,1
DA:25,2
DA:26,1
DA:27,2
DA:28,1
DA:29,1
DA:30,1
DA:31,2
DA:33,2
DA:39,1
DA:40,1
DA:49,1
DA:50,1
DA:51,1
DA:52,1
DA:54,3
DA:55,0
DA:56,0
DA:58,0
DA:60,0
DA:61,0
DA:62,0
DA:64,0
DA:65,0
DA:67,0
DA:70,0
DA:71,0
DA:72,0
DA:74,0
LF:36
LH:23
end_of_record
SF:lib\app\modules\home\presenter\widget\home_extra_photos_dialog_widget.dart
DA:9,2
DA:14,2
DA:16,2
DA:19,2
DA:20,6
DA:21,6
DA:23,2
DA:24,2
DA:25,2
DA:26,2
DA:27,2
DA:28,6
DA:29,2
DA:30,2
DA:32,8
DA:38,2
DA:40,2
DA:42,2
DA:43,2
DA:45,3
DA:47,2
DA:49,2
DA:50,6
LF:23
LH:23
end_of_record
SF:lib\app\modules\home\presenter\widget\home_header_widget.dart
DA:6,10
DA:8,1
DA:10,1
DA:12,1
DA:17,1
DA:29,1
DA:30,1
DA:52,1
LF:8
LH:8
end_of_record
SF:lib\app\modules\home\presenter\widget\home_hour_card_widget.dart
DA:8,2
DA:13,2
DA:15,9
DA:16,4
DA:18,2
DA:21,2
DA:23,2
DA:25,2
DA:27,2
DA:28,2
DA:30,2
DA:31,2
DA:32,2
DA:33,2
DA:34,4
DA:40,1
DA:41,1
DA:42,1
DA:47,1
DA:49,1
DA:50,1
DA:55,1
DA:56,9
DA:66,2
DA:67,2
DA:68,2
DA:69,8
DA:70,2
DA:77,1
DA:78,1
DA:79,1
DA:80,4
LF:32
LH:32
end_of_record
SF:lib\app\modules\home\presenter\widget\home_suite_body_info_widget.dart
DA:10,1
DA:15,1
DA:16,1
DA:19,2
DA:23,1
DA:25,1
DA:28,1
DA:29,1
DA:30,1
DA:32,1
DA:34,1
DA:37,1
DA:38,1
DA:39,6
DA:40,1
DA:41,3
DA:42,1
DA:43,1
DA:44,1
DA:45,3
DA:47,1
DA:53,1
DA:54,1
DA:55,1
DA:57,1
DA:70,1
DA:71,8
DA:81,6
DA:82,1
DA:84,1
DA:86,1
DA:90,1
DA:92,1
DA:93,1
DA:94,3
DA:95,1
DA:96,9
DA:97,1
DA:98,4
DA:101,1
DA:114,6
DA:115,1
DA:116,1
DA:117,3
DA:118,2
DA:119,3
LF:46
LH:46
end_of_record
SF:lib\app\modules\home\presenter\widget\home_suite_header_info_widget.dart
DA:9,1
DA:14,1
DA:16,1
DA:17,1
DA:18,1
DA:19,1
DA:20,2
DA:24,1
DA:30,1
DA:32,1
DA:33,1
DA:34,5
DA:35,3
DA:42,1
DA:43,5
DA:44,3
DA:52,1
DA:53,1
DA:54,1
DA:56,1
DA:57,1
DA:61,1
DA:63,1
DA:64,1
DA:71,1
DA:72,5
DA:82,1
DA:83,1
DA:84,1
DA:85,6
DA:102,2
LF:31
LH:31
end_of_record
SF:lib\app\modules\home\repository\home_repository.dart
DA:9,2
DA:11,4
DA:13,3
DA:15,1
DA:16,0
DA:17,0
DA:18,0
DA:20,0
DA:23,3
LF:9
LH:5
end_of_record
SF:lib\app\app_module.dart
DA:5,1
DA:6,1
DA:8,1
DA:9,1
DA:10,2
DA:13,1
DA:14,1
LF:7
LH:7
end_of_record
SF:lib\app\app_view.dart
DA:6,1
DA:8,1
DA:10,2
DA:12,1
DA:14,2
DA:15,2
LF:6
LH:6
end_of_record
